Base path: 'D:/Programs/Unity/2019.4.11f1/Editor/Data', plugins path 'D:/Programs/Unity/2019.4.11f1/Editor/Data/PlaybackEngines'
Cmd: initializeCompiler
Cmd: compileSnippet
  api=4 type=1 insize=2322 outsize=3522 kw=INSTANCING_ON _TERRAIN_INSTANCED_PERPIXEL_NORMAL pd=UNITY_ENABLE_REFLECTION_BUFFERS UNITY_USE_DITHER_MASK_FOR_ALPHABLENDED_SHADOWS UNITY_PBS_USE_BRDF1 UNITY_SPECCUBE_BOX_PROJECTION UNITY_SPECCUBE_BLENDING UNITY_ENABLE_DETAIL_NORMALMAP SHADER_API_DESKTOP UNITY_COLORSPACE_GAMMA UNITY_LIGHT_PROBE_PROXY_VOLUME UNITY_LIGHTMAP_FULL_HDR ok=1
Cmd: compileSnippet
  api=4 type=0 insize=2364 outsize=1706 kw=_ALPHATEST_ON pd=UNITY_ENABLE_REFLECTION_BUFFERS UNITY_USE_DITHER_MASK_FOR_ALPHABLENDED_SHADOWS UNITY_PBS_USE_BRDF1 UNITY_SPECCUBE_BOX_PROJECTION UNITY_SPECCUBE_BLENDING UNITY_ENABLE_DETAIL_NORMALMAP SHADER_API_DESKTOP UNITY_COLORSPACE_GAMMA UNITY_LIGHT_PROBE_PROXY_VOLUME UNITY_LIGHTMAP_FULL_HDR ok=1
Cmd: compileSnippet
  error: 1 plat 4 at UniversalToonBody.hlsl(541): 'cross': implicit truncation of vector type\nCompiling Fragment program with _ALPHATEST_ON _NORMALMAP _ENVIRONMENTREFLECTIONS_OFF _IS_PASS_FWDBASE _IS_TRANSCLIPPING_OFF _IS_ANGELRING_OFF _IS_CLIPPING_TRANSMODE _EMISSIVE_SIMPLE
Platform defines: UNITY_ENABLE_REFLECTION_BUFFERS UNITY_USE_DITHER_MASK_FOR_ALPHABLENDED_SHADOWS UNITY_PBS_USE_BRDF1 UNITY_SPECCUBE_BOX_PROJECTION UNITY_SPECCUBE_BLENDING UNITY_ENABLE_DETAIL_NORMALMAP SHADER_API_DESKTOP UNITY_COLORSPACE_GAMMA UNITY_LIGHT_PROBE_PROXY_VOLUME UNITY_LIGHTMAP_FULL_HDR
  error: 1 plat 4 at UniversalToonBody.hlsl(542): 'dot': implicit truncation of vector type\nCompiling Fragment program with _ALPHATEST_ON _NORMALMAP _ENVIRONMENTREFLECTIONS_OFF _IS_PASS_FWDBASE _IS_TRANSCLIPPING_OFF _IS_ANGELRING_OFF _IS_CLIPPING_TRANSMODE _EMISSIVE_SIMPLE
Platform defines: UNITY_ENABLE_REFLECTION_BUFFERS UNITY_USE_DITHER_MASK_FOR_ALPHABLENDED_SHADOWS UNITY_PBS_USE_BRDF1 UNITY_SPECCUBE_BOX_PROJECTION UNITY_SPECCUBE_BLENDING UNITY_ENABLE_DETAIL_NORMALMAP SHADER_API_DESKTOP UNITY_COLORSPACE_GAMMA UNITY_LIGHT_PROBE_PROXY_VOLUME UNITY_LIGHTMAP_FULL_HDR
  error: 1 plat 4 at UniversalToonBody.hlsl(545): 'TransformObjectToWorld': implicit truncation of vector type\nCompiling Fragment program with _ALPHATEST_ON _NORMALMAP _ENVIRONMENTREFLECTIONS_OFF _IS_PASS_FWDBASE _IS_TRANSCLIPPING_OFF _IS_ANGELRING_OFF _IS_CLIPPING_TRANSMODE _EMISSIVE_SIMPLE
Platform defines: UNITY_ENABLE_REFLECTION_BUFFERS UNITY_USE_DITHER_MASK_FOR_ALPHABLENDED_SHADOWS UNITY_PBS_USE_BRDF1 UNITY_SPECCUBE_BOX_PROJECTION UNITY_SPECCUBE_BLENDING UNITY_ENABLE_DETAIL_NORMALMAP SHADER_API_DESKTOP UNITY_COLORSPACE_GAMMA UNITY_LIGHT_PROBE_PROXY_VOLUME UNITY_LIGHTMAP_FULL_HDR
  error: 1 plat 4 at UniversalToonBody.hlsl(547): 'VertexLighting': implicit truncation of vector type\nCompiling Fragment program with _ALPHATEST_ON _NORMALMAP _ENVIRONMENTREFLECTIONS_OFF _IS_PASS_FWDBASE _IS_TRANSCLIPPING_OFF _IS_ANGELRING_OFF _IS_CLIPPING_TRANSMODE _EMISSIVE_SIMPLE
Platform defines: UNITY_ENABLE_REFLECTION_BUFFERS UNITY_USE_DITHER_MASK_FOR_ALPHABLENDED_SHADOWS UNITY_PBS_USE_BRDF1 UNITY_SPECCUBE_BOX_PROJECTION UNITY_SPECCUBE_BLENDING UNITY_ENABLE_DETAIL_NORMALMAP SHADER_API_DESKTOP UNITY_COLORSPACE_GAMMA UNITY_LIGHT_PROBE_PROXY_VOLUME UNITY_LIGHTMAP_FULL_HDR
  error: 1 plat 4 at UniversalToonBody.hlsl(563): 'DetermineUTS_MainLightIndex': implicit truncation of vector type\nCompiling Fragment program with _ALPHATEST_ON _NORMALMAP _ENVIRONMENTREFLECTIONS_OFF _IS_PASS_FWDBASE _IS_TRANSCLIPPING_OFF _IS_ANGELRING_OFF _IS_CLIPPING_TRANSMODE _EMISSIVE_SIMPLE
Platform defines: UNITY_ENABLE_REFLECTION_BUFFERS UNITY_USE_DITHER_MASK_FOR_ALPHABLENDED_SHADOWS UNITY_PBS_USE_BRDF1 UNITY_SPECCUBE_BOX_PROJECTION UNITY_SPECCUBE_BLENDING UNITY_ENABLE_DETAIL_NORMALMAP SHADER_API_DESKTOP UNITY_COLORSPACE_GAMMA UNITY_LIGHT_PROBE_PROXY_VOLUME UNITY_LIGHTMAP_FULL_HDR
  error: 1 plat 4 at UniversalToonBodyDoubleShadeWithFeather.hlsl(148): pow(f, e) will not work for negative f, use abs(f) or conditionally handle negative values if you expect them\nCompiling Fragment program with _ALPHATEST_ON _NORMALMAP _ENVIRONMENTREFLECTIONS_OFF _IS_PASS_FWDBASE _IS_TRANSCLIPPING_OFF _IS_ANGELRING_OFF _IS_CLIPPING_TRANSMODE _EMISSIVE_SIMPLE
Platform defines: UNITY_ENABLE_REFLECTION_BUFFERS UNITY_USE_DITHER_MASK_FOR_ALPHABLENDED_SHADOWS UNITY_PBS_USE_BRDF1 UNITY_SPECCUBE_BOX_PROJECTION UNITY_SPECCUBE_BLENDING UNITY_ENABLE_DETAIL_NORMALMAP SHADER_API_DESKTOP UNITY_COLORSPACE_GAMMA UNITY_LIGHT_PROBE_PROXY_VOLUME UNITY_LIGHTMAP_FULL_HDR
  error: 1 plat 4 at UniversalToonBodyDoubleShadeWithFeather.hlsl(156): pow(f, e) will not work for negative f, use abs(f) or conditionally handle negative values if you expect them\nCompiling Fragment program with _ALPHATEST_ON _NORMALMAP _ENVIRONMENTREFLECTIONS_OFF _IS_PASS_FWDBASE _IS_TRANSCLIPPING_OFF _IS_ANGELRING_OFF _IS_CLIPPING_TRANSMODE _EMISSIVE_SIMPLE
Platform defines: UNITY_ENABLE_REFLECTION_BUFFERS UNITY_USE_DITHER_MASK_FOR_ALPHABLENDED_SHADOWS UNITY_PBS_USE_BRDF1 UNITY_SPECCUBE_BOX_PROJECTION UNITY_SPECCUBE_BLENDING UNITY_ENABLE_DETAIL_NORMALMAP SHADER_API_DESKTOP UNITY_COLORSPACE_GAMMA UNITY_LIGHT_PROBE_PROXY_VOLUME UNITY_LIGHTMAP_FULL_HDR
  error: 1 plat 4 at UniversalToonBodyDoubleShadeWithFeather.hlsl(160): pow(f, e) will not work for negative f, use abs(f) or conditionally handle negative values if you expect them\nCompiling Fragment program with _ALPHATEST_ON _NORMALMAP _ENVIRONMENTREFLECTIONS_OFF _IS_PASS_FWDBASE _IS_TRANSCLIPPING_OFF _IS_ANGELRING_OFF _IS_CLIPPING_TRANSMODE _EMISSIVE_SIMPLE
Platform defines: UNITY_ENABLE_REFLECTION_BUFFERS UNITY_USE_DITHER_MASK_FOR_ALPHABLENDED_SHADOWS UNITY_PBS_USE_BRDF1 UNITY_SPECCUBE_BOX_PROJECTION UNITY_SPECCUBE_BLENDING UNITY_ENABLE_DETAIL_NORMALMAP SHADER_API_DESKTOP UNITY_COLORSPACE_GAMMA UNITY_LIGHT_PROBE_PROXY_VOLUME UNITY_LIGHTMAP_FULL_HDR
  api=4 type=1 insize=3312 outsize=15758 kw=_ALPHATEST_ON _NORMALMAP _ENVIRONMENTREFLECTIONS_OFF _IS_PASS_FWDBASE _IS_TRANSCLIPPING_OFF _IS_ANGELRING_OFF _IS_CLIPPING_TRANSMODE _EMISSIVE_SIMPLE pd=UNITY_ENABLE_REFLECTION_BUFFERS UNITY_USE_DITHER_MASK_FOR_ALPHABLENDED_SHADOWS UNITY_PBS_USE_BRDF1 UNITY_SPECCUBE_BOX_PROJECTION UNITY_SPECCUBE_BLENDING UNITY_ENABLE_DETAIL_NORMALMAP SHADER_API_DESKTOP UNITY_COLORSPACE_GAMMA UNITY_LIGHT_PROBE_PROXY_VOLUME UNITY_LIGHTMAP_FULL_HDR ok=1
